0 silly argv { _: [ 'version' ],
0 silly argv   lernaVersion: '3.18.3',
0 silly argv   '$0': 'lerna',
0 silly argv   bump: 'prepatch' }
1 notice cli v3.18.3
2 verbose rootPath /Users/tuannguyen/test-lerna
3 info current version 1.0.4-alpha.0
4 silly isAnythingCommitted
5 verbose isAnythingCommitted 1
6 silly currentBranch
7 verbose currentBranch branch
8 silly remoteBranchExists
9 silly isBehindUpstream
10 silly isBehindUpstream branch is behind origin/branch by 0 commit(s) and ahead by 0
11 silly hasTags
12 verbose hasTags true
13 silly git-describe.sync "v1.0.4-alpha.0-1-gf12b819" => {"lastTagName":"v1.0.4-alpha.0","lastVersion":"v1.0.4-alpha.0","refCount":"1","sha":"f12b819","isDirty":false}
14 info Looking for changed packages since v1.0.4-alpha.0
15 silly checking diff packages/login
16 silly no diff found in test-sso-login
17 silly checking diff packages/util
18 silly no diff found in test-sso-util
19 silly checking diff packages/worker
20 silly found diff in packages/worker/test.js
21 verbose filtered diff [ 'packages/worker/test.js' ]
22 verbose updated test-sso-worker
23 verbose git-describe undefined => "v1.0.4-alpha.0-1-gf12b819"
24 silly git-describe parsed => {"lastTagName":"v1.0.4-alpha.0","lastVersion":"v1.0.4-alpha.0","refCount":"1","sha":"f12b819","isDirty":false}
25 info execute Skipping releases
26 silly lifecycle No script for "preversion" in "root", continuing
27 silly lifecycle No script for "preversion" in "test-sso-worker", continuing
28 silly lifecycle No script for "version" in "test-sso-worker", continuing
29 silly lifecycle No script for "version" in "root", continuing
30 silly gitAdd [ '/Users/tuannguyen/test-lerna/packages/worker/package.json',
30 silly gitAdd   '/Users/tuannguyen/test-lerna/lerna.json' ]
31 silly gitCommit v1.0.5-alpha.0
32 verbose git [ 'commit', '-m', 'v1.0.5-alpha.0' ]
33 silly gitTag v1.0.5-alpha.0
34 verbose git [ 'tag', 'v1.0.5-alpha.0', '-m', 'v1.0.5-alpha.0' ]
35 error Error: Command failed: git tag v1.0.5-alpha.0 -m v1.0.5-alpha.0
35 error fatal: tag 'v1.0.5-alpha.0' already exists
35 error
35 error     at makeError (/Users/tuannguyen/.nvm/versions/node/v10.13.0/lib/node_modules/lerna/node_modules/execa/index.js:174:9)
35 error     at Promise.all.then.arr (/Users/tuannguyen/.nvm/versions/node/v10.13.0/lib/node_modules/lerna/node_modules/execa/index.js:278:16)
